\BOOKMARK [1][-]{section.1}{Introduction}{}% 1
\BOOKMARK [1][-]{section.2}{Theory}{}% 2
\BOOKMARK [2][-]{subsection.2.1}{Polyurethane}{section.2}% 3
\BOOKMARK [2][-]{subsection.2.2}{Gold Salt}{section.2}% 4
\BOOKMARK [2][-]{subsection.2.3}{Reducing Agent}{section.2}% 5
\BOOKMARK [2][-]{subsection.2.4}{Nucleation and Percolation}{section.2}% 6
\BOOKMARK [2][-]{subsection.2.5}{Percolation mediated Strain Sensing}{section.2}% 7
\BOOKMARK [1][-]{section.3}{Methods}{}% 8
\BOOKMARK [2][-]{subsection.3.1}{Manufacturing}{section.3}% 9
\BOOKMARK [3][-]{subsubsection.3.1.1}{Preparation of Chemicals}{subsection.3.1}% 10
\BOOKMARK [3][-]{subsubsection.3.1.2}{Sample Fabrication}{subsection.3.1}% 11
\BOOKMARK [2][-]{subsection.3.2}{Measurement}{section.3}% 12
\BOOKMARK [3][-]{subsubsection.3.2.1}{Preparation}{subsection.3.2}% 13
\BOOKMARK [3][-]{subsubsection.3.2.2}{Resistance Measurement}{subsection.3.2}% 14
\BOOKMARK [1][-]{section.4}{Results \046 Discussion}{}% 15
\BOOKMARK [2][-]{subsection.4.1}{Identification of Reducing Agent}{section.4}% 16
\BOOKMARK [2][-]{subsection.4.2}{Optimisation}{section.4}% 17
\BOOKMARK [3][-]{subsubsection.4.2.1}{Variation of Gold Concentration}{subsection.4.2}% 18
\BOOKMARK [3][-]{subsubsection.4.2.2}{Variation of Reducing Agent}{subsection.4.2}% 19
\BOOKMARK [1][-]{section.5}{Outlook}{}% 20
\BOOKMARK [1][-]{section*.25}{Appendices}{}% 21
\BOOKMARK [1][-]{Appendix.1.A}{Pictures}{}% 22
\BOOKMARK [1][-]{Appendix.1.B}{Protocols}{}% 23
\BOOKMARK [2][-]{subsection.1.B.1}{Sample Fabrication}{Appendix.1.B}% 24
\BOOKMARK [2][-]{subsection.1.B.2}{Resistance Measurement}{Appendix.1.B}% 25
